app/build/intermediates/manifest_merge_blame_file/debug/manifest-merger-blame-debug-report.txt
1<?xml version="1.0" encoding="utf-8"?>
2<manifest xmlns:android="http://schemas.android.com/apk/res/android"
3    package="com.example.cardiacmonitor"
4    android:versionCode="1"
5    android:versionName="1.0" >
6
7    <uses-sdk
8        android:minSdkVersion="21"
8-->src/main/AndroidManifest.xml
9        android:targetSdkVersion="32" />
9-->src/main/AndroidManifest.xml
10
11    <queries>
11-->[androidx.test:runner:1.5.0-alpha01] AndroidManifest.xml:24:5-28:15
12        <package android:name="androidx.test.orchestrator" />
12-->[androidx.test:runner:1.5.0-alpha01] AndroidManifest.xml:25:9-62
12-->[androidx.test:runner:1.5.0-alpha01] AndroidManifest.xml:25:18-59
13        <package android:name="androidx.test.services" />
13-->[androidx.test:runner:1.5.0-alpha01] AndroidManifest.xml:26:9-58
13-->[androidx.test:runner:1.5.0-alpha01] AndroidManifest.xml:26:18-55
14        <package android:name="com.google.android.apps.common.testing.services" />
14-->[androidx.test:runner:1.5.0-alpha01] AndroidManifest.xml:27:9-83
14-->[androidx.test:runner:1.5.0-alpha01] AndroidManifest.xml:27:18-80
15    </queries>
16
17    <uses-permission android:name="android.permission.REORDER_TASKS" />
17-->[androidx.test:core:1.4.1-alpha04] AndroidManifest.xml:24:5-72
17-->[androidx.test:core:1.4.1-alpha04] AndroidManifest.xml:24:22-69
18
19    <application
19-->src/main/AndroidManifest.xml:6:5-39:19
20        android:allowBackup="true"
20-->src/main/AndroidManifest.xml:7:9-35
21        android:appComponentFactory="androidx.core.app.CoreComponentFactory"
21-->[androidx.core:core:1.7.0] AndroidManifest.xml:24:18-86
22        android:dataExtractionRules="@xml/data_extraction_rules"
22-->src/main/AndroidManifest.xml:8:9-65
23        android:debuggable="true"
24        android:fullBackupContent="@xml/backup_rules"
24-->src/main/AndroidManifest.xml:9:9-54
25        android:icon="@mipmap/ic_launcher"
25-->src/main/AndroidManifest.xml:10:9-43
26        android:label="@string/app_name"
26-->src/main/AndroidManifest.xml:11:9-41
27        android:roundIcon="@mipmap/ic_launcher_round"
27-->src/main/AndroidManifest.xml:12:9-54
28        android:supportsRtl="true"
28-->src/main/AndroidManifest.xml:13:9-35
29        android:testOnly="true"
30        android:theme="@style/Theme.CardiacMonitor" >
30-->src/main/AndroidManifest.xml:14:9-52
31        <activity
31-->src/main/AndroidManifest.xml:16:9-18:40
32            android:name="com.example.cardiacmonitor.AddDetails"
32-->src/main/AndroidManifest.xml:17:13-39
33            android:exported="false" />
33-->src/main/AndroidManifest.xml:18:13-37
34        <activity
34-->src/main/AndroidManifest.xml:19:9-21:40
35            android:name="com.example.cardiacmonitor.UpdateDetails"
35-->src/main/AndroidManifest.xml:20:13-42
36            android:exported="false" />
36-->src/main/AndroidManifest.xml:21:13-37
37        <activity
37-->src/main/AndroidManifest.xml:22:9-24:40
38            android:name="com.example.cardiacmonitor.ViewDetails"
38-->src/main/AndroidManifest.xml:23:13-40
39            android:exported="false" />
39-->src/main/AndroidManifest.xml:24:13-37
40        <activity
40-->src/main/AndroidManifest.xml:25:9-33:20
41            android:name="com.example.cardiacmonitor.SplashScreen"
41-->src/main/AndroidManifest.xml:26:13-41
42            android:exported="true" >
42-->src/main/AndroidManifest.xml:27:13-36
43            <intent-filter>
43-->src/main/AndroidManifest.xml:28:13-32:29
44                <action android:name="android.intent.action.MAIN" />
44-->src/main/AndroidManifest.xml:29:17-69
44-->src/main/AndroidManifest.xml:29:25-66
45
46                <category android:name="android.intent.category.LAUNCHER" />
46-->src/main/AndroidManifest.xml:31:17-77
46-->src/main/AndroidManifest.xml:31:27-74
47            </intent-filter>
48        </activity>
49        <activity
49-->src/main/AndroidManifest.xml:34:9-38:71
50            android:name="com.example.cardiacmonitor.MainActivity"
50-->src/main/AndroidManifest.xml:35:13-41
51            android:exported="true"
51-->src/main/AndroidManifest.xml:36:13-36
52            android:label="@string/app_name"
52-->src/main/AndroidManifest.xml:37:13-45
53            android:theme="@style/Theme.CardiacMonitor.NoActionBar" />
53-->src/main/AndroidManifest.xml:38:13-68
54
55        <provider
55-->[androidx.emoji2:emoji2:1.0.0] AndroidManifest.xml:26:9-34:20
56            android:name="androidx.startup.InitializationProvider"
56-->[androidx.emoji2:emoji2:1.0.0] AndroidManifest.xml:27:13-67
57            android:authorities="com.example.cardiacmonitor.androidx-startup"
57-->[androidx.emoji2:emoji2:1.0.0] AndroidManifest.xml:28:13-68
58            android:exported="false" >
58-->[androidx.emoji2:emoji2:1.0.0] AndroidManifest.xml:29:13-37
59            <meta-data
59-->[androidx.emoji2:emoji2:1.0.0] AndroidManifest.xml:31:13-33:52
60                android:name="androidx.emoji2.text.EmojiCompatInitializer"
60-->[androidx.emoji2:emoji2:1.0.0] AndroidManifest.xml:32:17-75
61                android:value="androidx.startup" />
61-->[androidx.emoji2:emoji2:1.0.0] AndroidManifest.xml:33:17-49
62            <meta-data
62-->[androidx.lifecycle:lifecycle-process:2.4.0] AndroidManifest.xml:31:13-33:52
63                android:name="androidx.lifecycle.ProcessLifecycleInitializer"
63-->[androidx.lifecycle:lifecycle-process:2.4.0] AndroidManifest.xml:32:17-78
64                android:value="androidx.startup" />
64-->[androidx.lifecycle:lifecycle-process:2.4.0] AndroidManifest.xml:33:17-49
65        </provider>
66
67        <uses-library
67-->[androidx.window:window:1.0.0] AndroidManifest.xml:25:9-27:40
68            android:name="androidx.window.extensions"
68-->[androidx.window:window:1.0.0] AndroidManifest.xml:26:13-54
69            android:required="false" />
69-->[androidx.window:window:1.0.0] AndroidManifest.xml:27:13-37
70        <uses-library
70-->[androidx.window:window:1.0.0] AndroidManifest.xml:28:9-30:40
71            android:name="androidx.window.sidecar"
71-->[androidx.window:window:1.0.0] AndroidManifest.xml:29:13-51
72            android:required="false" />
72-->[androidx.window:window:1.0.0] AndroidManifest.xml:30:13-37
73
74        <activity
74-->[androidx.test:core:1.4.1-alpha04] AndroidManifest.xml:27:9-34:20
75            android:name="androidx.test.core.app.InstrumentationActivityInvoker$BootstrapActivity"
75-->[androidx.test:core:1.4.1-alpha04] AndroidManifest.xml:28:13-99
76            android:exported="true"
76-->[androidx.test:core:1.4.1-alpha04] AndroidManifest.xml:29:13-36
77            android:theme="@style/WhiteBackgroundTheme" >
77-->[androidx.test:core:1.4.1-alpha04] AndroidManifest.xml:30:13-56
78            <intent-filter>
78-->[androidx.test:core:1.4.1-alpha04] AndroidManifest.xml:31:13-33:29
79                <action android:name="android.intent.action.MAIN" />
79-->src/main/AndroidManifest.xml:29:17-69
79-->src/main/AndroidManifest.xml:29:25-66
80            </intent-filter>
81        </activity>
82        <activity
82-->[androidx.test:core:1.4.1-alpha04] AndroidManifest.xml:35:9-42:20
83            android:name="androidx.test.core.app.InstrumentationActivityInvoker$EmptyActivity"
83-->[androidx.test:core:1.4.1-alpha04] AndroidManifest.xml:36:13-95
84            android:exported="true"
84-->[androidx.test:core:1.4.1-alpha04] AndroidManifest.xml:37:13-36
85            android:theme="@style/WhiteBackgroundTheme" >
85-->[androidx.test:core:1.4.1-alpha04] AndroidManifest.xml:38:13-56
86            <intent-filter>
86-->[androidx.test:core:1.4.1-alpha04] AndroidManifest.xml:31:13-33:29
87                <action android:name="android.intent.action.MAIN" />
87-->src/main/AndroidManifest.xml:29:17-69
87-->src/main/AndroidManifest.xml:29:25-66
88            </intent-filter>
89        </activity>
90        <activity
90-->[androidx.test:core:1.4.1-alpha04] AndroidManifest.xml:43:9-50:20
91            android:name="androidx.test.core.app.InstrumentationActivityInvoker$EmptyFloatingActivity"
91-->[androidx.test:core:1.4.1-alpha04] AndroidManifest.xml:44:13-103
92            android:exported="true"
92-->[androidx.test:core:1.4.1-alpha04] AndroidManifest.xml:45:13-36
93            android:theme="@style/WhiteBackgroundDialogTheme" >
93-->[androidx.test:core:1.4.1-alpha04] AndroidManifest.xml:46:13-62
94            <intent-filter>
94-->[androidx.test:core:1.4.1-alpha04] AndroidManifest.xml:31:13-33:29
95                <action android:name="android.intent.action.MAIN" />
95-->src/main/AndroidManifest.xml:29:17-69
95-->src/main/AndroidManifest.xml:29:25-66
96            </intent-filter>
97        </activity>
98    </application>
99
100</manifest>